
FILE: ...ntent\plugins\all-in-one-seo-pack\admin\aioseop_module_class.php
----------------------------------------------------------------------
FOUND 162 ERRORS AFFECTING 162 LINES
----------------------------------------------------------------------
    1 | ERROR | [x] End of line character is invalid; expected "\n"
      |       |     but found "\r\n"
  221 | ERROR | [ ] Missing parameter name
  222 | ERROR | [ ] Missing parameter name
  224 | ERROR | [ ] Comment missing for @throws tag in function
      |       |     comment
  225 | ERROR | [ ] Expected 2 @throws tag(s) in function comment; 1
      |       |     found
  230 | ERROR | [ ] The $text arg must be a single string literal,
      |       |     not "sprintf( "Method %s doesn't exist", $name
      |       |     )".
  274 | ERROR | [ ] Missing parameter name
  275 | ERROR | [ ] Missing parameter comment
  299 | ERROR | [ ] Missing parameter comment
  333 | ERROR | [ ] Missing parameter comment
  335 | ERROR | [ ] Missing parameter comment
  349 | ERROR | [ ] Missing parameter name
  350 | ERROR | [ ] Missing parameter comment
  353 | ERROR | [ ] There must be no blank lines after the function
      |       |     comment
  405 | ERROR | [ ] Missing parameter name
  417 | ERROR | [ ] Missing parameter name
  429 | ERROR | [ ] Missing parameter name
  440 | ERROR | [ ] Missing parameter name
  455 | ERROR | [ ] Missing parameter name
  456 | ERROR | [ ] Missing parameter comment
  457 | ERROR | [ ] Missing parameter comment
  473 | ERROR | [ ] Missing parameter name
  474 | ERROR | [ ] Missing parameter comment
  476 | ERROR | [ ] Missing parameter comment
  491 | ERROR | [ ] Missing parameter name
  492 | ERROR | [ ] Missing parameter comment
  494 | ERROR | [ ] Missing parameter comment
  507 | ERROR | [ ] Doc comment short description must start with a
      |       |     capital letter
  509 | ERROR | [ ] Missing parameter comment
  527 | ERROR | [ ] Missing short description in doc comment
  528 | ERROR | [ ] Missing parameter name
  543 | ERROR | [ ] Missing short description in doc comment
  544 | ERROR | [ ] Missing parameter comment
  599 | ERROR | [ ] Doc comment short description must start with a
      |       |     capital letter
  601 | ERROR | [ ] Missing parameter name
  609 | ERROR | [ ] Missing short description in doc comment
  610 | ERROR | [ ] Missing parameter name
  650 | ERROR | [ ] Use placeholders and $wpdb->prepare(); found
      |       |     interpolated variable $blog_id at "SELECT blog_id
      |       |     FROM {$wpdb->blogs} WHERE site_id = {$blog_id}
      |       |     AND site_id != blog_id"
  659 | ERROR | [ ] Missing parameter comment
  678 | ERROR | [ ] Missing short description in doc comment
  679 | ERROR | [ ] Missing parameter name
  680 | ERROR | [ ] Missing parameter comment
  702 | ERROR | [ ] Missing short description in doc comment
  738 | ERROR | [ ] Missing short description in doc comment
  885 | ERROR | [ ] Missing short description in doc comment
  905 | ERROR | [ ] Missing short description in doc comment
  940 | ERROR | [ ] Missing short description in doc comment
  958 | ERROR | [ ] Missing short description in doc comment
  973 | ERROR | [ ] Missing parameter name
 1003 | ERROR | [ ] Missing short description in doc comment
 1004 | ERROR | [ ] Missing parameter name
 1022 | ERROR | [ ] Missing short description in doc comment
 1023 | ERROR | [ ] Missing parameter name
 1038 | ERROR | [ ] Missing short description in doc comment
 1039 | ERROR | [ ] Missing parameter comment
 1047 | ERROR | [ ] Missing short description in doc comment
 1048 | ERROR | [ ] Missing parameter comment
 1056 | ERROR | [ ] Missing short description in doc comment
 1057 | ERROR | [ ] Missing parameter comment
 1068 | ERROR | [ ] Missing parameter comment
 1069 | ERROR | [ ] Missing parameter comment
 1122 | ERROR | [ ] Missing parameter name
 1198 | ERROR | [ ] Missing parameter name
 1212 | ERROR | [ ] Missing parameter name
 1213 | ERROR | [ ] Missing parameter comment
 1214 | ERROR | [ ] Missing parameter comment
 1215 | ERROR | [ ] Missing parameter comment
 1233 | ERROR | [ ] Missing parameter name
 1256 | ERROR | [ ] Missing parameter comment
 1257 | ERROR | [ ] Missing parameter comment
 1258 | ERROR | [ ] Missing parameter comment
 1259 | ERROR | [ ] Missing parameter comment
 1310 | ERROR | [ ] Missing parameter comment
 1326 | ERROR | [ ] Missing parameter name
 1342 | ERROR | [ ] Missing parameter name
 1363 | ERROR | [ ] Missing parameter name
 1364 | ERROR | [ ] Missing parameter comment
 1365 | ERROR | [ ] Missing parameter comment
 1366 | ERROR | [ ] Missing parameter comment
 1367 | ERROR | [ ] Missing parameter comment
 1404 | ERROR | [ ] Missing parameter comment
 1406 | ERROR | [ ] Missing parameter name
 1411 | ERROR | [ ] The $text arg must be a single string literal,
      |       |     not "sprintf( "Failed to write file %s!\n",
      |       |     $filename )".
 1412 | ERROR | [ ] The $text arg must be a single string literal,
      |       |     not "sprintf( "File %s isn't writable!\n",
      |       |     $filename )".
 1433 | ERROR | [ ] Missing parameter comment
 1442 | ERROR | [ ] The $text arg must be a single string literal,
      |       |     not "sprintf( "Failed to delete file %s!\n",
      |       |     $filename )".
 1447 | ERROR | [ ] The $text arg must be a single string literal,
      |       |     not "sprintf( "File %s doesn't exist!\n",
      |       |     $filename )".
 1457 | ERROR | [ ] Missing parameter comment
 1458 | ERROR | [ ] Missing parameter comment
 1469 | ERROR | [ ] The $text arg must be a single string literal,
      |       |     not "sprintf( "Failed to rename file %s!\n",
      |       |     $filename )".
 1475 | ERROR | [ ] The $text arg must be a single string literal,
      |       |     not "sprintf( "File %s doesn't exist!\n",
      |       |     $filename )".
 1477 | ERROR | [ ] The $text arg must be a single string literal,
      |       |     not "sprintf( "File %s already exists!\n",
      |       |     $newname )".
 1488 | ERROR | [ ] Missing parameter name
 1489 | ERROR | [ ] Missing parameter name
 1490 | ERROR | [ ] Missing parameter name
 1510 | ERROR | [ ] Missing parameter name
 1511 | ERROR | [ ] Missing parameter name
 1527 | ERROR | [ ] Missing parameter name
 1673 | ERROR | [ ] Missing short description in doc comment
 1674 | ERROR | [ ] Missing parameter comment
 1675 | ERROR | [ ] Missing parameter comment
 1697 | ERROR | [ ] Missing parameter comment
 1698 | ERROR | [ ] Missing parameter comment
 1701 | ERROR | [ ] There must be no blank lines after the function
      |       |     comment
 1741 | ERROR | [ ] Missing short description in doc comment
 1742 | ERROR | [ ] Missing parameter comment
 1750 | ERROR | [ ] Missing short description in doc comment
 1751 | ERROR | [ ] Missing parameter comment
 1775 | ERROR | [ ] Missing short description in doc comment
 1778 | ERROR | [ ] Missing parameter comment
 1810 | ERROR | [ ] Missing short description in doc comment
 1811 | ERROR | [ ] Missing parameter comment
 1865 | ERROR | [ ] Missing short description in doc comment
 1866 | ERROR | [ ] Missing parameter comment
 1889 | ERROR | [ ] Missing short description in doc comment
 1890 | ERROR | [ ] Missing parameter name
 1891 | ERROR | [ ] Missing parameter name
 1892 | ERROR | [ ] Missing parameter comment
 1925 | ERROR | [ ] Missing function doc comment
 1993 | ERROR | [ ] Missing function doc comment
 2043 | ERROR | [ ] Missing short description in doc comment
 2044 | ERROR | [ ] Missing parameter name
 2110 | ERROR | [ ] Missing short description in doc comment
 2177 | ERROR | [ ] Missing function doc comment
 2193 | ERROR | [ ] Missing parameter name
 2203 | ERROR | [ ] Missing parameter name
 2322 | ERROR | [ ] Missing parameter name
 2355 | ERROR | [ ] Missing parameter name
 2360 | ERROR | [ ] extract() usage is highly discouraged, due to the
      |       |     complexity and unintended issues it might cause.
 2433 | ERROR | [ ] Missing parameter name
 2439 | ERROR | [ ] extract() usage is highly discouraged, due to the
      |       |     complexity and unintended issues it might cause.
 2470 | ERROR | [ ] There must be a comment when fall-through is
      |       |     intentional in a non-empty case body
 2477 | ERROR | [ ] There must be a comment when fall-through is
      |       |     intentional in a non-empty case body
 2539 | ERROR | [ ] Missing parameter name
 2540 | ERROR | [ ] Missing parameter name
 2541 | ERROR | [ ] Missing parameter name
 2577 | ERROR | [ ] Missing parameter comment
 2578 | ERROR | [ ] Missing parameter comment
 2678 | ERROR | [ ] Missing short description in doc comment
 2679 | ERROR | [ ] Missing parameter name
 2698 | ERROR | [ ] Missing parameter comment
 2720 | ERROR | [ ] There must be a comment when fall-through is
      |       |     intentional in a non-empty case body
 2737 | ERROR | [ ] Missing parameter name
 2738 | ERROR | [ ] Missing parameter name
 2747 | ERROR | [ ] Missing parameter comment
 2748 | ERROR | [ ] Missing parameter comment
 2762 | ERROR | [ ] Doc comment short description must start with a
      |       |     capital letter
 2764 | ERROR | [ ] Missing parameter comment
 2809 | ERROR | [ ] Missing parameter comment
 2971 | ERROR | [ ] Missing parameter comment
 2973 | ERROR | [ ] Return type missing for @return tag in function
      |       |     comment
 2985 | ERROR | [ ] Missing parameter comment
 2986 | ERROR | [ ] Missing parameter comment
 3097 | ERROR | [ ] Missing parameter comment
 3098 | ERROR | [ ] Missing parameter comment
 3119 | ERROR | [ ] Missing parameter comment
 3120 | ERROR | [ ] Missing parameter comment
 3121 | ERROR | [ ] Missing parameter comment
 3122 | ERROR | [ ] Missing parameter comment
 3171 | ERROR | [ ] Missing parameter comment
 3172 | ERROR | [ ] Missing parameter comment
 3173 | ERROR | [ ] Missing parameter comment
----------------------------------------------------------------------
PHPCBF CAN FIX THE 1 MARKED SNIFF VIOLATIONS AUTOMATICALLY
----------------------------------------------------------------------


FILE: ...ent\plugins\all-in-one-seo-pack\admin\aioseop_module_manager.php
----------------------------------------------------------------------
FOUND 14 ERRORS AFFECTING 14 LINES
----------------------------------------------------------------------
  17 | ERROR | Missing member variable doc comment
  18 | ERROR | Missing member variable doc comment
  19 | ERROR | Missing member variable doc comment
  20 | ERROR | Missing member variable doc comment
  21 | ERROR | Missing member variable doc comment
  28 | ERROR | Missing parameter name
  62 | ERROR | Missing parameter name
  83 | ERROR | Missing short description in doc comment
  99 | ERROR | Missing short description in doc comment
 100 | ERROR | Missing parameter name
 101 | ERROR | Missing parameter comment
 144 | ERROR | Missing short description in doc comment
 145 | ERROR | Missing parameter name
 203 | ERROR | Missing function doc comment
----------------------------------------------------------------------


FILE: ...t\plugins\all-in-one-seo-pack\admin\display\dashboard_widget.php
----------------------------------------------------------------------
FOUND 4 ERRORS AFFECTING 4 LINES
----------------------------------------------------------------------
 10 | ERROR | Class name must begin with a capital letter
 19 | ERROR | Missing short description in doc comment
 35 | ERROR | Missing short description in doc comment
 56 | ERROR | Missing short description in doc comment
----------------------------------------------------------------------


FILE: ...\plugins\all-in-one-seo-pack\admin\display\general-metaboxes.php
----------------------------------------------------------------------
FOUND 8 ERRORS AFFECTING 8 LINES
----------------------------------------------------------------------
   3 | ERROR | Missing short description in doc comment
   6 | ERROR | Class name must begin with a capital letter
   9 | ERROR | Doc comment short description must start with a
     |       | capital letter
  15 | ERROR | Missing short description in doc comment
  16 | ERROR | Missing parameter name
  17 | ERROR | Missing parameter name
  22 | ERROR | There must be a comment when fall-through is
     |       | intentional in a non-empty case body
 165 | ERROR | Missing function doc comment
----------------------------------------------------------------------


FILE: ...p-content\plugins\all-in-one-seo-pack\admin\display\postedit.php
----------------------------------------------------------------------
FOUND 1 ERROR AFFECTING 1 LINE
----------------------------------------------------------------------
 3 | ERROR | [x] There must be no blank line following an inline
   |       |     comment
----------------------------------------------------------------------
PHPCBF CAN FIX THE 1 MARKED SNIFF VIOLATIONS AUTOMATICALLY
----------------------------------------------------------------------


FILE: ...wp-content\plugins\all-in-one-seo-pack\admin\display\welcome.php
----------------------------------------------------------------------
FOUND 3 ERRORS AFFECTING 3 LINES
----------------------------------------------------------------------
  8 | ERROR | Class name must begin with a capital letter
 27 | ERROR | Missing parameter name
 65 | ERROR | Missing parameter comment
----------------------------------------------------------------------


FILE: ...7.2\wp-content\plugins\all-in-one-seo-pack\admin\meta_import.php
----------------------------------------------------------------------
FOUND 18 ERRORS AFFECTING 18 LINES
----------------------------------------------------------------------
  12 | ERROR | Missing member variable doc comment
  14 | ERROR | Missing member variable doc comment
  44 | ERROR | Missing function doc comment
 265 | ERROR | Use placeholders and $wpdb->prepare(); found
     |       | interpolated variable $not_in at "UPDATE
     |       | $wpdb->postmeta SET meta_key = %s WHERE meta_key = %s
     |       | AND post_id NOT IN ($not_in)"
 282 | ERROR | Missing parameter comment
 283 | ERROR | Missing parameter comment
 284 | ERROR | Missing parameter comment
 342 | ERROR | Missing parameter comment
 343 | ERROR | Missing parameter comment
 463 | ERROR | Empty line required before block comment
 581 | ERROR | Missing function doc comment
 592 | ERROR | Empty line required before block comment
 597 | ERROR | Empty line required before block comment
 600 | ERROR | Empty line required before block comment
 605 | ERROR | Empty line required before block comment
 608 | ERROR | Empty line required before block comment
 609 | ERROR | Block comments must start with a capital letter
 619 | ERROR | Empty line required before block comment
----------------------------------------------------------------------


FILE: ...ss4.7.2\wp-content\plugins\all-in-one-seo-pack\aioseop_class.php
----------------------------------------------------------------------
FOUND 182 ERRORS AND 38 WARNINGS AFFECTING 220 LINES
----------------------------------------------------------------------
    1 | WARNING | [ ] File has mixed line endings; this may cause
      |         |     incorrect results
   20 | ERROR   | [ ] You must use "/**" style comments for a member
      |         |     variable comment
   23 | ERROR   | [ ] You must use "/**" style comments for a member
      |         |     variable comment
   26 | ERROR   | [ ] You must use "/**" style comments for a member
      |         |     variable comment
   29 | ERROR   | [ ] You must use "/**" style comments for a member
      |         |     variable comment
   32 | ERROR   | [ ] You must use "/**" style comments for a member
      |         |     variable comment
   35 | ERROR   | [ ] You must use "/**" style comments for a member
      |         |     variable comment
   38 | ERROR   | [ ] You must use "/**" style comments for a member
      |         |     variable comment
   41 | ERROR   | [ ] You must use "/**" style comments for a member
      |         |     variable comment
   44 | ERROR   | [ ] You must use "/**" style comments for a member
      |         |     variable comment
   46 | ERROR   | [ ] Missing member variable doc comment
   47 | ERROR   | [ ] Missing member variable doc comment
   48 | ERROR   | [ ] Missing member variable doc comment
   49 | ERROR   | [ ] Missing member variable doc comment
   50 | ERROR   | [ ] Missing member variable doc comment
   51 | ERROR   | [ ] Missing member variable doc comment
   52 | ERROR   | [ ] Missing member variable doc comment
   53 | ERROR   | [ ] Missing member variable doc comment
 1167 | ERROR   | [ ] Missing parameter name
 1168 | ERROR   | [ ] Missing parameter name
 1178 | ERROR   | [ ] extract() usage is highly discouraged, due to
      |         |     the complexity and unintended issues it might
      |         |     cause.
 1286 | ERROR   | [ ] Missing short description in doc comment
 1360 | WARNING | [x] Usage of ELSE IF is discouraged; use ELSEIF
      |         |     instead
 1363 | WARNING | [x] Usage of ELSE IF is discouraged; use ELSEIF
      |         |     instead
 1434 | ERROR   | [ ] Missing short description in doc comment
 1455 | ERROR   | [ ] Missing short description in doc comment
 1456 | ERROR   | [ ] Missing parameter comment
 1457 | ERROR   | [ ] Missing parameter comment
 1458 | ERROR   | [ ] Missing parameter comment
 1459 | ERROR   | [ ] Missing parameter comment
 1531 | ERROR   | [ ] Missing short description in doc comment
 1532 | ERROR   | [ ] Missing parameter name
 1557 | ERROR   | [ ] You must use "/**" style comments for a
      |         |     function comment
 1576 | ERROR   | [ ] Missing parameter name
 1641 | WARNING | [x] Usage of ELSE IF is discouraged; use ELSEIF
      |         |     instead
 1658 | WARNING | [x] Usage of ELSE IF is discouraged; use ELSEIF
      |         |     instead
 1699 | WARNING | [x] Usage of ELSE IF is discouraged; use ELSEIF
      |         |     instead
 1713 | WARNING | [x] Usage of ELSE IF is discouraged; use ELSEIF
      |         |     instead
 1739 | WARNING | [x] Usage of ELSE IF is discouraged; use ELSEIF
      |         |     instead
 1752 | WARNING | [x] Usage of ELSE IF is discouraged; use ELSEIF
      |         |     instead
 1803 | WARNING | [x] Usage of ELSE IF is discouraged; use ELSEIF
      |         |     instead
 1805 | WARNING | [x] Usage of ELSE IF is discouraged; use ELSEIF
      |         |     instead
 1820 | WARNING | [x] Usage of ELSE IF is discouraged; use ELSEIF
      |         |     instead
 1825 | WARNING | [x] Usage of ELSE IF is discouraged; use ELSEIF
      |         |     instead
 1849 | WARNING | [x] Usage of ELSE IF is discouraged; use ELSEIF
      |         |     instead
 1865 | WARNING | [x] Usage of ELSE IF is discouraged; use ELSEIF
      |         |     instead
 1887 | ERROR   | [ ] Missing short description in doc comment
 1888 | ERROR   | [ ] Missing parameter comment
 1889 | ERROR   | [ ] Missing parameter comment
 1890 | ERROR   | [ ] Missing parameter comment
 1922 | WARNING | [x] Usage of ELSE IF is discouraged; use ELSEIF
      |         |     instead
 1924 | WARNING | [x] Usage of ELSE IF is discouraged; use ELSEIF
      |         |     instead
 1927 | WARNING | [x] Usage of ELSE IF is discouraged; use ELSEIF
      |         |     instead
 1930 | WARNING | [x] Usage of ELSE IF is discouraged; use ELSEIF
      |         |     instead
 1932 | WARNING | [x] Usage of ELSE IF is discouraged; use ELSEIF
      |         |     instead
 1945 | WARNING | [x] Usage of ELSE IF is discouraged; use ELSEIF
      |         |     instead
 1954 | WARNING | [x] Usage of ELSE IF is discouraged; use ELSEIF
      |         |     instead
 1956 | WARNING | [x] Usage of ELSE IF is discouraged; use ELSEIF
      |         |     instead
 1958 | WARNING | [x] Usage of ELSE IF is discouraged; use ELSEIF
      |         |     instead
 1960 | WARNING | [x] Usage of ELSE IF is discouraged; use ELSEIF
      |         |     instead
 1962 | WARNING | [x] Usage of ELSE IF is discouraged; use ELSEIF
      |         |     instead
 1980 | ERROR   | [ ] Missing short description in doc comment
 1981 | ERROR   | [ ] Missing parameter name
 2002 | ERROR   | [ ] Missing short description in doc comment
 2003 | ERROR   | [ ] Missing parameter name
 2004 | ERROR   | [ ] Missing parameter comment
 2005 | ERROR   | [ ] Missing parameter comment
 2026 | ERROR   | [ ] Missing parameter name
 2027 | ERROR   | [ ] Missing parameter name
 2028 | ERROR   | [ ] Missing parameter comment
 2029 | ERROR   | [ ] Missing parameter comment
 2030 | ERROR   | [ ] Missing parameter comment
 2100 | ERROR   | [ ] Missing short description in doc comment
 2101 | ERROR   | [ ] Missing parameter name
 2102 | ERROR   | [ ] Missing parameter name
 2118 | ERROR   | [ ] Missing short description in doc comment
 2119 | ERROR   | [ ] Missing parameter name
 2146 | ERROR   | [ ] Missing short description in doc comment
 2147 | ERROR   | [ ] Missing parameter name
 2151 | WARNING | [ ] Silencing errors is discouraged
 2155 | ERROR   | [ ] Missing short description in doc comment
 2156 | ERROR   | [ ] Missing parameter name
 2157 | ERROR   | [ ] Missing parameter comment
 2158 | ERROR   | [ ] Missing parameter comment
 2173 | ERROR   | [ ] Missing short description in doc comment
 2174 | ERROR   | [ ] Missing parameter comment
 2175 | ERROR   | [ ] Missing parameter comment
 2205 | ERROR   | [ ] Missing short description in doc comment
 2206 | ERROR   | [ ] Missing parameter comment
 2207 | ERROR   | [ ] Missing parameter comment
 2219 | ERROR   | [ ] Missing short description in doc comment
 2233 | ERROR   | [ ] Missing short description in doc comment
 2246 | ERROR   | [ ] Missing short description in doc comment
 2247 | ERROR   | [ ] Missing parameter comment
 2263 | ERROR   | [ ] Missing short description in doc comment
 2264 | ERROR   | [ ] Missing parameter comment
 2292 | ERROR   | [ ] Missing parameter name
 2317 | ERROR   | [ ] Missing short description in doc comment
 2318 | ERROR   | [ ] Missing parameter name
 2338 | ERROR   | [ ] Missing short description in doc comment
 2339 | ERROR   | [ ] Missing parameter name
 2340 | ERROR   | [ ] Missing parameter name
 2341 | ERROR   | [ ] Missing parameter comment
 2371 | ERROR   | [ ] Missing short description in doc comment
 2372 | ERROR   | [ ] Missing parameter comment
 2406 | ERROR   | [ ] Missing short description in doc comment
 2407 | ERROR   | [ ] Missing parameter name
 2408 | ERROR   | [ ] Missing parameter comment
 2425 | ERROR   | [ ] Missing short description in doc comment
 2432 | ERROR   | [ ] Missing short description in doc comment
 2436 | ERROR   | [ ] Missing parameter comment
 2446 | WARNING | [x] Usage of ELSE IF is discouraged; use ELSEIF
      |         |     instead
 2451 | WARNING | [x] Usage of ELSE IF is discouraged; use ELSEIF
      |         |     instead
 2454 | WARNING | [x] Usage of ELSE IF is discouraged; use ELSEIF
      |         |     instead
 2457 | WARNING | [x] Usage of ELSE IF is discouraged; use ELSEIF
      |         |     instead
 2459 | WARNING | [x] Usage of ELSE IF is discouraged; use ELSEIF
      |         |     instead
 2461 | WARNING | [x] Usage of ELSE IF is discouraged; use ELSEIF
      |         |     instead
 2478 | ERROR   | [ ] Missing short description in doc comment
 2493 | ERROR   | [ ] Missing short description in doc comment
 2505 | ERROR   | [ ] Missing short description in doc comment
 2506 | ERROR   | [ ] Missing parameter comment
 2568 | ERROR   | [ ] Missing short description in doc comment
 2571 | ERROR   | [ ] Missing parameter name
 2583 | ERROR   | [ ] Missing short description in doc comment
 2586 | ERROR   | [ ] Missing parameter name
 2587 | ERROR   | [ ] Missing parameter comment
 2629 | ERROR   | [ ] Missing short description in doc comment
 2630 | ERROR   | [ ] Missing parameter name
 2631 | ERROR   | [ ] Missing parameter comment
 2717 | ERROR   | [ ] Missing short description in doc comment
 2718 | ERROR   | [ ] Missing parameter name
 2741 | ERROR   | [ ] Missing short description in doc comment
 2768 | ERROR   | [ ] Missing short description in doc comment
 2842 | ERROR   | [ ] Missing short description in doc comment
 2843 | ERROR   | [ ] Missing parameter name
 2857 | ERROR   | [ ] Missing short description in doc comment
 2858 | ERROR   | [ ] Missing parameter comment
 2888 | ERROR   | [ ] Missing short description in doc comment
 2889 | ERROR   | [ ] Missing parameter name
 2897 | ERROR   | [ ] Missing short description in doc comment
 2898 | ERROR   | [ ] Missing parameter name
 2916 | ERROR   | [ ] Missing short description in doc comment
 2917 | ERROR   | [ ] Missing parameter name
 2918 | ERROR   | [ ] Missing parameter name
 2919 | ERROR   | [ ] Missing parameter comment
 2920 | ERROR   | [ ] Missing parameter comment
 2935 | ERROR   | [ ] Missing short description in doc comment
 2936 | ERROR   | [ ] Missing parameter name
 2963 | ERROR   | [ ] Missing function doc comment
 3018 | ERROR   | [ ] Missing function doc comment
 3072 | ERROR   | [ ] Missing function doc comment
 3230 | ERROR   | [ ] Missing function doc comment
 3234 | ERROR   | [ ] Missing function doc comment
 3240 | ERROR   | [ ] Missing short description in doc comment
 3241 | ERROR   | [ ] Missing parameter name
 3259 | ERROR   | [ ] Missing parameter comment
 3260 | ERROR   | [ ] Missing parameter comment
 3300 | ERROR   | [ ] Missing short description in doc comment
 3303 | ERROR   | [ ] Missing parameter name
 3304 | ERROR   | [ ] Missing parameter name
 3305 | ERROR   | [ ] Missing parameter name
 3350 | ERROR   | [ ] extract() usage is highly discouraged, due to
      |         |     the complexity and unintended issues it might
      |         |     cause.
 3380 | ERROR   | [ ] Missing short description in doc comment
 3381 | ERROR   | [ ] Missing parameter name
 3382 | ERROR   | [ ] Missing parameter name
 3417 | ERROR   | [ ] Missing function doc comment
 3439 | ERROR   | [ ] Missing short description in doc comment
 3478 | WARNING | [x] Usage of ELSE IF is discouraged; use ELSEIF
      |         |     instead
 3524 | ERROR   | [ ] Missing short description in doc comment
 3525 | ERROR   | [ ] Missing parameter name
 3536 | ERROR   | [ ] Missing parameter name
 3568 | ERROR   | [ ] Missing short description in doc comment
 3569 | ERROR   | [ ] Missing parameter name
 3570 | ERROR   | [ ] Missing parameter name
 3589 | WARNING | [x] Please spell "WordPress" correctly. Found 1
      |         |     misspelling(s): wordpress
 3641 | ERROR   | [ ] Missing function doc comment
 3665 | ERROR   | [ ] Missing function doc comment
 3689 | ERROR   | [ ] Missing short description in doc comment
 3690 | ERROR   | [ ] Missing parameter name
 3746 | ERROR   | [ ] Missing short description in doc comment
 4011 | ERROR   | [ ] Missing short description in doc comment
 4012 | ERROR   | [ ] Missing parameter name
 4025 | ERROR   | [ ] Missing short description in doc comment
 4026 | ERROR   | [ ] Missing parameter name
 4027 | ERROR   | [ ] Missing parameter comment
 4064 | ERROR   | [ ] Block comments must start with a capital letter
 4072 | ERROR   | [ ] Missing short description in doc comment
 4151 | ERROR   | [ ] Missing short description in doc comment
 4201 | ERROR   | [ ] Missing short description in doc comment
 4202 | ERROR   | [ ] Missing parameter name
 4235 | WARNING | [x] Usage of ELSE IF is discouraged; use ELSEIF
      |         |     instead
 4261 | ERROR   | [ ] Missing short description in doc comment
 4262 | ERROR   | [ ] Missing parameter comment
 4287 | WARNING | [x] Usage of ELSE IF is discouraged; use ELSEIF
      |         |     instead
 4340 | ERROR   | [ ] Missing parameter name
 4364 | ERROR   | [ ] Missing short description in doc comment
 4365 | ERROR   | [ ] Missing parameter name
 4366 | ERROR   | [ ] Missing parameter name
 4367 | ERROR   | [ ] Missing parameter name
 4379 | ERROR   | [ ] Missing function doc comment
 4383 | ERROR   | [ ] Missing short description in doc comment
 4384 | ERROR   | [ ] Missing parameter name
 4461 | ERROR   | [ ] Missing short description in doc comment
 4462 | ERROR   | [ ] Missing parameter name
 4463 | ERROR   | [ ] Missing parameter name
 4483 | ERROR   | [ ] Missing short description in doc comment
 4484 | ERROR   | [ ] Missing parameter name
 4505 | ERROR   | [ ] Missing function doc comment
 4621 | ERROR   | [ ] Missing short description in doc comment
 4622 | ERROR   | [ ] Missing parameter name
 4633 | ERROR   | [ ] Missing short description in doc comment
 4634 | ERROR   | [ ] Missing parameter name
 4704 | ERROR   | [ ] Missing function doc comment
 4719 | ERROR   | [ ] Empty line required before block comment
 4737 | WARNING | [x] Usage of ELSE IF is discouraged; use ELSEIF
      |         |     instead
 4877 | ERROR   | [ ] Missing short description in doc comment
 4878 | ERROR   | [ ] Missing parameter name
 4897 | ERROR   | [ ] Missing function doc comment
 4900 | ERROR   | [ ] Missing function doc comment
 5026 | ERROR   | [ ] Missing function doc comment
----------------------------------------------------------------------
PHPCBF CAN FIX THE 36 MARKED SNIFF VIOLATIONS AUTOMATICALLY
----------------------------------------------------------------------


FILE: ...2\wp-content\plugins\all-in-one-seo-pack\all_in_one_seo_pack.php
----------------------------------------------------------------------
FOUND 28 ERRORS AND 4 WARNINGS AFFECTING 32 LINES
----------------------------------------------------------------------
   2 | ERROR   | Empty line required before block comment
  62 | ERROR   | Missing function doc comment
  84 | ERROR   | Empty line not required before block comment
 134 | WARNING | Silencing errors is discouraged
 137 | ERROR   | Missing short description in doc comment
 138 | ERROR   | Missing parameter name
 148 | ERROR   | There must be a comment when fall-through is
     |         | intentional in a non-empty case body
 150 | ERROR   | There must be a comment when fall-through is
     |         | intentional in a non-empty case body
 152 | ERROR   | There must be a comment when fall-through is
     |         | intentional in a non-empty case body
 154 | ERROR   | There must be a comment when fall-through is
     |         | intentional in a non-empty case body
 156 | ERROR   | There must be a comment when fall-through is
     |         | intentional in a non-empty case body
 173 | WARNING | Silencing errors is discouraged
 174 | WARNING | Silencing errors is discouraged
 188 | WARNING | Silencing errors is discouraged
 209 | ERROR   | create_function() is deprecated as of PHP 7.2,
     |         | please use full fledged functions or anonymous
     |         | functions instead.
 248 | ERROR   | Missing function doc comment
 276 | ERROR   | Missing short description in doc comment
 277 | ERROR   | Missing parameter name
 278 | ERROR   | Missing parameter name
 288 | ERROR   | Array closer not aligned correctly; expected 16
     |         | space(s) but found 102
 301 | ERROR   | Missing short description in doc comment
 302 | ERROR   | Missing parameter name
 303 | ERROR   | Missing parameter name
 346 | ERROR   | Missing short description in doc comment
 347 | ERROR   | Missing parameter name
 348 | ERROR   | Missing parameter name
 349 | ERROR   | Missing parameter comment
 350 | ERROR   | Missing parameter comment
 442 | ERROR   | Missing function doc comment
 474 | ERROR   | Missing function doc comment
 490 | ERROR   | Missing function doc comment
 496 | ERROR   | Missing function doc comment
----------------------------------------------------------------------


FILE: ....7.2\wp-content\plugins\all-in-one-seo-pack\inc\aioseop_UTF8.php
----------------------------------------------------------------------
FOUND 1 ERROR AFFECTING 1 LINE
----------------------------------------------------------------------
 2 | ERROR | Missing short description in doc comment
----------------------------------------------------------------------


FILE: ...wp-content\plugins\all-in-one-seo-pack\inc\aioseop_functions.php
----------------------------------------------------------------------
FOUND 57 ERRORS AND 1 WARNING AFFECTING 58 LINES
----------------------------------------------------------------------
   1 | WARNING | File has mixed line endings; this may cause
     |         | incorrect results
  24 | ERROR   | Missing short description in doc comment
 116 | ERROR   | Missing parameter name
 166 | ERROR   | Missing short description in doc comment
 167 | ERROR   | Missing parameter name
 185 | ERROR   | Missing function doc comment
 265 | ERROR   | Missing function doc comment
 283 | ERROR   | Missing short description in doc comment
 284 | ERROR   | Missing parameter name
 285 | ERROR   | Missing parameter comment
 286 | ERROR   | Missing parameter comment
 307 | ERROR   | Missing short description in doc comment
 308 | ERROR   | Missing parameter name
 309 | ERROR   | Missing parameter comment
 310 | ERROR   | Missing parameter comment
 337 | ERROR   | Missing function doc comment
 378 | ERROR   | Missing function doc comment
 395 | ERROR   | Missing short description in doc comment
 396 | ERROR   | Missing parameter name
 397 | ERROR   | Missing parameter name
 398 | ERROR   | Missing parameter name
 406 | ERROR   | Missing function doc comment
 412 | ERROR   | Missing function doc comment
 454 | ERROR   | Missing function doc comment
 499 | ERROR   | Missing function doc comment
 591 | ERROR   | Missing function doc comment
 621 | ERROR   | Missing function doc comment
 691 | ERROR   | Missing short description in doc comment
 692 | ERROR   | Missing parameter name
 693 | ERROR   | Missing parameter name
 739 | ERROR   | Missing short description in doc comment
 740 | ERROR   | Missing parameter name
 741 | ERROR   | Missing parameter name
 742 | ERROR   | Missing parameter name
 757 | ERROR   | Missing short description in doc comment
 758 | ERROR   | Missing parameter comment
 811 | ERROR   | Missing short description in doc comment
 812 | ERROR   | Missing parameter name
 839 | ERROR   | Missing function doc comment
 853 | ERROR   | Missing parameter name
 854 | ERROR   | Missing parameter name
 855 | ERROR   | Missing parameter name
 878 | ERROR   | Missing parameter name
 879 | ERROR   | Missing parameter name
 896 | ERROR   | Missing function doc comment
 915 | ERROR   | Missing parameter name
 916 | ERROR   | Missing parameter name
 929 | ERROR   | Class name must begin with a capital letter
 930 | ERROR   | Missing member variable doc comment
 935 | ERROR   | Missing parameter name
 936 | ERROR   | Missing parameter name
 937 | ERROR   | Missing parameter name
 938 | ERROR   | Missing parameter name
 961 | ERROR   | Missing function doc comment
 966 | ERROR   | Missing function doc comment
 971 | ERROR   | Missing function doc comment
 976 | ERROR   | Missing function doc comment
 999 | ERROR   | Missing function doc comment
----------------------------------------------------------------------


FILE: ...ontent\plugins\all-in-one-seo-pack\inc\aioseop_updates_class.php
----------------------------------------------------------------------
FOUND 2 ERRORS AFFECTING 2 LINES
----------------------------------------------------------------------
 74 | ERROR | Missing function doc comment
 90 | ERROR | Missing parameter comment
----------------------------------------------------------------------


FILE: ...2\wp-content\plugins\all-in-one-seo-pack\inc\aiosp_calc_desc.php
----------------------------------------------------------------------
FOUND 1 ERROR AFFECTING 1 LINE
----------------------------------------------------------------------
 3 | ERROR | [x] There must be no blank line following an inline
   |       |     comment
----------------------------------------------------------------------
PHPCBF CAN FIX THE 1 MARKED SNIFF VIOLATIONS AUTOMATICALLY
----------------------------------------------------------------------


FILE: ...\wp-content\plugins\all-in-one-seo-pack\inc\aiosp_calc_title.php
----------------------------------------------------------------------
FOUND 1 ERROR AFFECTING 1 LINE
----------------------------------------------------------------------
 3 | ERROR | [x] There must be no blank line following an inline
   |       |     comment
----------------------------------------------------------------------
PHPCBF CAN FIX THE 1 MARKED SNIFF VIOLATIONS AUTOMATICALLY
----------------------------------------------------------------------


FILE: ....7.2\wp-content\plugins\all-in-one-seo-pack\inc\aiosp_common.php
----------------------------------------------------------------------
FOUND 12 ERRORS AFFECTING 12 LINES
----------------------------------------------------------------------
  3 | ERROR | Missing short description in doc comment
 13 | ERROR | Class name must begin with a capital letter
 16 | ERROR | Doc comment short description must start with a capital
    |       | letter
 33 | ERROR | Missing short description in doc comment
 34 | ERROR | Missing parameter comment
 58 | ERROR | Missing short description in doc comment
 59 | ERROR | Missing parameter comment
 60 | ERROR | Missing parameter comment
 61 | ERROR | Missing parameter comment
 62 | ERROR | Missing parameter comment
 63 | ERROR | Missing parameter comment
 64 | ERROR | Missing parameter comment
----------------------------------------------------------------------


FILE: ...7.2\wp-content\plugins\all-in-one-seo-pack\inc\commonstrings.php
----------------------------------------------------------------------
FOUND 5 ERRORS AFFECTING 5 LINES
----------------------------------------------------------------------
  8 | ERROR | There must be no blank lines after the class comment
 16 | ERROR | There must be no blank lines after the function comment
 66 | ERROR | Empty line required before block comment
 67 | ERROR | Block comments must start with a capital letter
 68 | ERROR | Comment closer must be on a new line
----------------------------------------------------------------------


FILE: ...in-one-seo-pack\inc\compatability\abstract\aiosep_compatible.php
----------------------------------------------------------------------
FOUND 0 ERRORS AND 1 WARNING AFFECTING 1 LINE
----------------------------------------------------------------------
 4 | WARNING | [x] Please spell "WordPress" correctly. Found 1
   |         |     misspelling(s): wordpress
----------------------------------------------------------------------
PHPCBF CAN FIX THE 1 MARKED SNIFF VIOLATIONS AUTOMATICALLY
----------------------------------------------------------------------


FILE: ...nt\plugins\all-in-one-seo-pack\inc\compatability\compat-init.php
----------------------------------------------------------------------
FOUND 3 ERRORS AFFECTING 3 LINES
----------------------------------------------------------------------
 17 | ERROR | There must be no blank lines after the class comment
 70 | ERROR | Missing short description in doc comment
 88 | ERROR | Missing parameter name
----------------------------------------------------------------------


FILE: ...nt\plugins\all-in-one-seo-pack\inc\compatability\compat-wpml.php
----------------------------------------------------------------------
FOUND 2 ERRORS AND 2 WARNINGS AFFECTING 4 LINES
----------------------------------------------------------------------
  4 | WARNING | [x] Please spell "WordPress" correctly. Found 1
    |         |     misspelling(s): Wordpress
 36 | WARNING | [x] Please spell "WordPress" correctly. Found 1
    |         |     misspelling(s): wordpress
 43 | ERROR   | [ ] Missing parameter name
 66 | ERROR   | [ ] Missing parameter name
----------------------------------------------------------------------
PHPCBF CAN FIX THE 2 MARKED SNIFF VIOLATIONS AUTOMATICALLY
----------------------------------------------------------------------


FILE: ...s4.7.2\wp-content\plugins\all-in-one-seo-pack\inc\deprecated.php
----------------------------------------------------------------------
FOUND 13 ERRORS AFFECTING 13 LINES
----------------------------------------------------------------------
   3 | ERROR | Missing short description in doc comment
 161 | ERROR | Missing short description in doc comment
 162 | ERROR | Missing parameter name
 163 | ERROR | Missing parameter comment
 183 | ERROR | Missing short description in doc comment
 184 | ERROR | Missing parameter name
 185 | ERROR | Missing parameter comment
 186 | ERROR | Missing parameter comment
 187 | ERROR | Missing parameter comment
 210 | ERROR | Missing short description in doc comment
 211 | ERROR | Missing parameter name
 231 | ERROR | Missing short description in doc comment
 232 | ERROR | Missing parameter comment
----------------------------------------------------------------------


FILE: ...4.7.2\wp-content\plugins\all-in-one-seo-pack\inc\sitemap-xsl.php
----------------------------------------------------------------------
FOUND 0 ERRORS AND 1 WARNING AFFECTING 1 LINE
----------------------------------------------------------------------
 1 | WARNING | File has mixed line endings; this may cause incorrect
   |         | results
----------------------------------------------------------------------


FILE: ....7.2\wp-content\plugins\all-in-one-seo-pack\inc\translations.php
----------------------------------------------------------------------
FOUND 14 ERRORS AFFECTING 14 LINES
----------------------------------------------------------------------
  12 | ERROR | Missing member variable doc comment
  14 | ERROR | Missing member variable doc comment
  16 | ERROR | Missing member variable doc comment
  27 | ERROR | Missing member variable doc comment
  29 | ERROR | Missing member variable doc comment
  31 | ERROR | Missing member variable doc comment
  33 | ERROR | Missing member variable doc comment
  35 | ERROR | Missing member variable doc comment
  73 | ERROR | Missing short description in doc comment
  77 | ERROR | Missing parameter name
 113 | ERROR | Missing short description in doc comment
 117 | ERROR | Missing parameter name
 135 | ERROR | Missing short description in doc comment
 168 | ERROR | Missing short description in doc comment
----------------------------------------------------------------------


FILE: ...ntent\plugins\all-in-one-seo-pack\modules\aioseop_bad_robots.php
----------------------------------------------------------------------
FOUND 8 ERRORS AFFECTING 8 LINES
----------------------------------------------------------------------
   2 | ERROR | Missing short description in doc comment
 107 | ERROR | Missing parameter name
 130 | ERROR | Missing short description in doc comment
 131 | ERROR | Missing parameter name
 143 | ERROR | Missing short description in doc comment
 144 | ERROR | Missing parameter name
 160 | ERROR | Missing parameter comment
 188 | ERROR | Missing parameter name
----------------------------------------------------------------------


FILE: ...\plugins\all-in-one-seo-pack\modules\aioseop_feature_manager.php
----------------------------------------------------------------------
FOUND 7 ERRORS AFFECTING 7 LINES
----------------------------------------------------------------------
  15 | ERROR | Missing member variable doc comment
  20 | ERROR | Missing parameter name
 140 | ERROR | Missing short description in doc comment
 141 | ERROR | Missing parameter name
 153 | ERROR | Missing short description in doc comment
 154 | ERROR | Missing parameter name
 155 | ERROR | Missing parameter name
----------------------------------------------------------------------


FILE: ...tent\plugins\all-in-one-seo-pack\modules\aioseop_file_editor.php
----------------------------------------------------------------------
FOUND 11 ERRORS AFFECTING 11 LINES
----------------------------------------------------------------------
  79 | ERROR | Missing function doc comment
  84 | ERROR | Missing function doc comment
  89 | ERROR | Missing short description in doc comment
  90 | ERROR | Missing parameter name
  91 | ERROR | Missing parameter name
 115 | ERROR | Missing short description in doc comment
 116 | ERROR | Missing parameter name
 117 | ERROR | Missing parameter name
 132 | ERROR | Missing short description in doc comment
 133 | ERROR | Missing parameter name
 134 | ERROR | Missing parameter name
----------------------------------------------------------------------


FILE: ...lugins\all-in-one-seo-pack\modules\aioseop_importer_exporter.php
----------------------------------------------------------------------
FOUND 19 ERRORS AND 2 WARNINGS AFFECTING 21 LINES
----------------------------------------------------------------------
  91 | ERROR   | [ ] Missing function doc comment
  99 | ERROR   | [ ] Missing short description in doc comment
 100 | ERROR   | [ ] Missing parameter name
 121 | ERROR   | [ ] Missing function doc comment
 173 | ERROR   | [ ] Missing short description in doc comment
 174 | ERROR   | [ ] Missing parameter name
 197 | ERROR   | [ ] Missing function doc comment
 210 | ERROR   | [ ] Missing short description in doc comment
 211 | ERROR   | [ ] Missing parameter name
 252 | ERROR   | [ ] Missing short description in doc comment
 253 | ERROR   | [ ] Missing parameter name
 294 | ERROR   | [ ] Missing short description in doc comment
 295 | ERROR   | [ ] Missing parameter name
 296 | ERROR   | [ ] Missing parameter comment
 310 | WARNING | [x] Usage of ELSE IF is discouraged; use ELSEIF
     |         |     instead
 323 | WARNING | [x] Usage of ELSE IF is discouraged; use ELSEIF
     |         |     instead
 335 | ERROR   | [ ] Missing short description in doc comment
 336 | ERROR   | [ ] Missing parameter name
 349 | ERROR   | [ ] Missing function doc comment
 540 | ERROR   | [ ] Missing function doc comment
 551 | ERROR   | [ ] Comment missing for @throws tag in function
     |         |     comment
----------------------------------------------------------------------
PHPCBF CAN FIX THE 2 MARKED SNIFF VIOLATIONS AUTOMATICALLY
----------------------------------------------------------------------


FILE: ...ontent\plugins\all-in-one-seo-pack\modules\aioseop_opengraph.php
----------------------------------------------------------------------
FOUND 23 ERRORS AND 6 WARNINGS AFFECTING 29 LINES
----------------------------------------------------------------------
    1 | WARNING | [ ] File has mixed line endings; this may cause
      |         |     incorrect results
    9 | ERROR   | [ ] Missing class doc comment
   10 | ERROR   | [ ] Missing member variable doc comment
   11 | ERROR   | [ ] Missing member variable doc comment
  191 | WARNING | [x] Please spell "WordPress" correctly. Found 1
      |         |     misspelling(s): wordpress
  205 | WARNING | [x] Please spell "WordPress" correctly. Found 1
      |         |     misspelling(s): wordpress
  368 | ERROR   | [ ] Empty line required before block comment
  380 | ERROR   | [ ] Empty line required before block comment
  625 | ERROR   | [ ] Missing parameter name
  626 | ERROR   | [ ] Missing parameter name
  627 | ERROR   | [ ] Missing parameter name
  662 | ERROR   | [ ] Missing parameter name
  663 | ERROR   | [ ] Missing parameter name
  687 | ERROR   | [ ] Missing function doc comment
  691 | ERROR   | [ ] Missing function doc comment
  700 | WARNING | [x] Usage of ELSE IF is discouraged; use ELSEIF
      |         |     instead
  758 | ERROR   | [ ] extract() usage is highly discouraged, due to
      |         |     the complexity and unintended issues it might
      |         |     cause.
  867 | ERROR   | [ ] Doc comment for parameter $id does not match
      |         |     actual variable name $post_id
  898 | ERROR   | [ ] Missing function doc comment
 1113 | WARNING | [x] Usage of ELSE IF is discouraged; use ELSEIF
      |         |     instead
 1170 | WARNING | [x] Usage of ELSE IF is discouraged; use ELSEIF
      |         |     instead
 1240 | ERROR   | [ ] Comment closer must be on a new line
 1551 | ERROR   | [ ] Missing function doc comment
 1592 | ERROR   | [ ] Missing function doc comment
 1609 | ERROR   | [ ] Missing function doc comment
 1615 | ERROR   | [ ] Missing function doc comment
 1619 | ERROR   | [ ] Missing function doc comment
 1626 | ERROR   | [ ] Missing parameter name
 1641 | ERROR   | [ ] Missing function doc comment
----------------------------------------------------------------------
PHPCBF CAN FIX THE 5 MARKED SNIFF VIOLATIONS AUTOMATICALLY
----------------------------------------------------------------------


FILE: ...tent\plugins\all-in-one-seo-pack\modules\aioseop_performance.php
----------------------------------------------------------------------
FOUND 13 ERRORS AND 18 WARNINGS AFFECTING 31 LINES
----------------------------------------------------------------------
  10 | ERROR   | [ ] Missing class doc comment
  12 | ERROR   | [ ] Missing member variable doc comment
  14 | ERROR   | [ ] Missing function doc comment
 101 | ERROR   | [ ] Missing function doc comment
 109 | ERROR   | [ ] Missing function doc comment
 122 | ERROR   | [ ] Missing function doc comment
 135 | ERROR   | [ ] Missing function doc comment
 153 | ERROR   | [ ] Missing function doc comment
 158 | ERROR   | [ ] Missing function doc comment
 162 | ERROR   | [ ] Missing function doc comment
 243 | WARNING | [x] Expected 1 space between ")" and double arrow;
     |         |     12 found.
 245 | WARNING | [x] Expected 1 space between ")" and double arrow;
     |         |     16 found.
 246 | WARNING | [x] Expected 1 space between ")" and double arrow;
     |         |     15 found.
 249 | WARNING | [x] Expected 1 space between ")" and double arrow; 9
     |         |     found.
 250 | WARNING | [x] Expected 1 space between ")" and double arrow;
     |         |     12 found.
 251 | WARNING | [x] Expected 1 space between ")" and double arrow; 9
     |         |     found.
 252 | WARNING | [x] Expected 1 space between ")" and double arrow;
     |         |     11 found.
 254 | WARNING | [x] Expected 1 space between ")" and double arrow;
     |         |     12 found.
 255 | WARNING | [x] Expected 1 space between ")" and double arrow;
     |         |     12 found.
 256 | WARNING | [x] Expected 1 space between ")" and double arrow;
     |         |     13 found.
 259 | WARNING | [x] Expected 1 space between ")" and double arrow;
     |         |     11 found.
 260 | WARNING | [x] Expected 1 space between ")" and double arrow; 8
     |         |     found.
 262 | WARNING | [x] Expected 1 space between ")" and double arrow;
     |         |     16 found.
 264 | WARNING | [x] Expected 1 space between ")" and double arrow;
     |         |     15 found.
 265 | WARNING | [x] Expected 1 space between ")" and double arrow; 9
     |         |     found.
 266 | WARNING | [x] Expected 1 space between ")" and double arrow; 4
     |         |     found.
 267 | WARNING | [x] Expected 1 space between ")" and double arrow;
     |         |     11 found.
 314 | WARNING | [ ] Silencing errors is discouraged
 348 | ERROR   | [ ] Missing function doc comment
 355 | ERROR   | [ ] Missing function doc comment
 359 | ERROR   | [ ] Missing function doc comment
----------------------------------------------------------------------
PHPCBF CAN FIX THE 17 MARKED SNIFF VIOLATIONS AUTOMATICALLY
----------------------------------------------------------------------


FILE: ...p-content\plugins\all-in-one-seo-pack\modules\aioseop_robots.php
----------------------------------------------------------------------
FOUND 14 ERRORS AFFECTING 14 LINES
----------------------------------------------------------------------
   2 | ERROR | Missing short description in doc comment
   9 | ERROR | Missing class doc comment
  11 | ERROR | Missing function doc comment
 166 | ERROR | Missing function doc comment
 189 | ERROR | Missing function doc comment
 308 | ERROR | Missing function doc comment
 321 | ERROR | Missing function doc comment
 373 | ERROR | Missing function doc comment
 488 | ERROR | Missing function doc comment
 552 | ERROR | Missing function doc comment
 556 | ERROR | Missing function doc comment
 580 | ERROR | Missing function doc comment
 590 | ERROR | Missing function doc comment
 613 | ERROR | Missing function doc comment
----------------------------------------------------------------------


FILE: ...-content\plugins\all-in-one-seo-pack\modules\aioseop_sitemap.php
----------------------------------------------------------------------
FOUND 110 ERRORS AFFECTING 110 LINES
----------------------------------------------------------------------
   18 | ERROR | Missing member variable doc comment
   19 | ERROR | Missing member variable doc comment
   20 | ERROR | Missing member variable doc comment
   21 | ERROR | Missing member variable doc comment
   22 | ERROR | Missing member variable doc comment
   23 | ERROR | Missing member variable doc comment
   24 | ERROR | Missing member variable doc comment
   25 | ERROR | Missing member variable doc comment
   26 | ERROR | Missing member variable doc comment
   27 | ERROR | Missing member variable doc comment
   28 | ERROR | Missing member variable doc comment
  383 | ERROR | Missing parameter name
  384 | ERROR | Missing parameter name
  385 | ERROR | Missing parameter name
  418 | ERROR | Missing parameter name
  496 | ERROR | Missing parameter name
  497 | ERROR | Missing parameter name
  627 | ERROR | Missing parameter name
  642 | ERROR | Missing parameter name
  654 | ERROR | Missing short description in doc comment
  655 | ERROR | Missing parameter name
  683 | ERROR | Missing parameter name
  726 | ERROR | Missing parameter name
  816 | ERROR | Use placeholders and $wpdb->prepare(); found
      |       | interpolated variable $blog_id at "SELECT domain FROM
      |       | {$wpdb->dmtable} WHERE blog_id = '$blog_id' AND
      |       | active = 1 LIMIT 1"
  876 | ERROR | Missing parameter name
 1007 | ERROR | Missing parameter name
 1008 | ERROR | Missing parameter name
 1086 | ERROR | Missing parameter name
 1115 | ERROR | Missing parameter name
 1160 | ERROR | Missing parameter name
 1192 | ERROR | Missing parameter name
 1217 | ERROR | Missing parameter comment
 1218 | ERROR | Missing parameter comment
 1219 | ERROR | Missing parameter comment
 1240 | ERROR | Missing parameter name
 1297 | ERROR | Missing parameter name
 1298 | ERROR | Missing parameter comment
 1342 | ERROR | Missing parameter name
 1343 | ERROR | Missing parameter comment
 1420 | ERROR | Missing parameter comment
 1454 | ERROR | Missing parameter name
 1471 | ERROR | Missing parameter name
 1472 | ERROR | Missing parameter name
 1486 | ERROR | Missing parameter name
 1487 | ERROR | Missing parameter name
 1488 | ERROR | Missing parameter comment
 1508 | ERROR | Missing parameter name
 1509 | ERROR | Missing parameter name
 1510 | ERROR | Missing parameter name
 1511 | ERROR | Missing parameter name
 1512 | ERROR | Missing parameter comment
 1513 | ERROR | Missing parameter comment
 1557 | ERROR | Missing parameter name
 1558 | ERROR | Missing parameter comment
 1559 | ERROR | Missing parameter comment
 1581 | ERROR | Missing parameter name
 1582 | ERROR | Missing parameter comment
 1583 | ERROR | Missing parameter comment
 1733 | ERROR | Missing parameter name
 1734 | ERROR | Missing parameter comment
 1735 | ERROR | Missing parameter comment
 1736 | ERROR | Missing parameter comment
 1762 | ERROR | Missing parameter name
 1763 | ERROR | Missing parameter comment
 1764 | ERROR | Missing parameter comment
 1765 | ERROR | Missing parameter comment
 1853 | ERROR | Missing function doc comment
 1865 | ERROR | Missing function doc comment
 1966 | ERROR | Missing parameter comment
 1996 | ERROR | Missing parameter name
 1997 | ERROR | Missing parameter comment
 2095 | ERROR | Missing parameter name
 2096 | ERROR | Missing parameter comment
 2136 | ERROR | Missing parameter name
 2137 | ERROR | Missing parameter comment
 2151 | ERROR | Missing parameter name
 2152 | ERROR | Missing parameter comment
 2166 | ERROR | Missing parameter name
 2200 | ERROR | Missing parameter name
 2219 | ERROR | Missing parameter name
 2245 | ERROR | Missing parameter name
 2268 | ERROR | Missing parameter name
 2292 | ERROR | Missing parameter name
 2427 | ERROR | Missing parameter name
 2428 | ERROR | Missing parameter comment
 2489 | ERROR | Missing parameter name
 2525 | ERROR | Missing parameter name
 2541 | ERROR | Missing parameter name
 2573 | ERROR | Missing parameter name
 2584 | ERROR | Missing parameter name
 2621 | ERROR | Missing parameter name
 2622 | ERROR | Missing parameter comment
 2623 | ERROR | Missing parameter comment
 2624 | ERROR | Missing parameter comment
 2911 | ERROR | Missing parameter comment
 2932 | ERROR | Missing parameter name
 2980 | ERROR | Missing parameter comment
 2981 | ERROR | Missing parameter comment
 2982 | ERROR | Missing parameter comment
 3011 | ERROR | Missing parameter comment
 3012 | ERROR | Missing parameter comment
 3034 | ERROR | Missing parameter name
 3045 | ERROR | Missing parameter name
 3074 | ERROR | Missing parameter name
 3075 | ERROR | Missing parameter comment
 3092 | ERROR | Missing parameter name
 3109 | ERROR | Missing parameter name
 3138 | ERROR | Missing parameter name
 3182 | ERROR | Missing parameter name
 3205 | ERROR | Missing parameter name
----------------------------------------------------------------------


FILE: ...-content\plugins\all-in-one-seo-pack\public\google-analytics.php
----------------------------------------------------------------------
FOUND 3 ERRORS AFFECTING 3 LINES
----------------------------------------------------------------------
  13 | ERROR | Class name must begin with a capital letter
  15 | ERROR | Missing short description in doc comment
 174 | ERROR | Missing short description in doc comment
----------------------------------------------------------------------


FILE: ....7.2\wp-content\plugins\all-in-one-seo-pack\public\opengraph.php
----------------------------------------------------------------------
FOUND 7 ERRORS AFFECTING 7 LINES
----------------------------------------------------------------------
  21 | ERROR | Missing parameter name
  58 | ERROR | Missing short description in doc comment
  59 | ERROR | Missing parameter name
  84 | ERROR | Missing short description in doc comment
  85 | ERROR | Missing parameter name
 103 | ERROR | Missing short description in doc comment
 104 | ERROR | Missing parameter name
----------------------------------------------------------------------


FILE: ...7.2\wp-content\plugins\all-in-one-seo-pack\tests\test-sample.php
----------------------------------------------------------------------
FOUND 1 ERROR AFFECTING 1 LINE
----------------------------------------------------------------------
 21 | ERROR | Missing function doc comment
----------------------------------------------------------------------


